2015-04-26 23:43:32,985 INFO: -------------------------------------------------
2015-04-26 23:43:32,985 INFO: Beginning tranfer of translations from Smartling...
2015-04-26 23:43:32,986 INFO: Transferring article translations from Smartling
2015-04-26 23:43:32,986 INFO: Transferring translation from Smartling: article_204702880.json, locale fr-fr
2015-04-26 23:43:32,986 DEBUG: Downloading from Smartling: article_204702880.json
2015-04-26 23:43:34,109 DEBUG: Constructing article translation, 204702880
2015-04-26 23:43:34,109 DEBUG: Fixing links for article 204702880
2015-04-26 23:43:35,204 INFO: Uploading article translation 204702880 to Zendesk
2015-04-26 23:43:36,182 DEBUG: Updated article translation 204702880 translation, locale fr
2015-04-26 23:44:03,991 INFO: -------------------------------------------------
2015-04-26 23:44:03,991 INFO: Beginning tranfer of translations from Smartling...
2015-04-26 23:44:03,992 INFO: Transferring article translations from Smartling
2015-04-26 23:44:03,992 INFO: Transferring translation from Smartling: article_204702880.json, locale de-de
2015-04-26 23:44:03,992 DEBUG: Downloading from Smartling: article_204702880.json
2015-04-26 23:44:05,216 DEBUG: Constructing article translation, 204702880
2015-04-26 23:44:05,216 DEBUG: Fixing links for article 204702880
2015-04-26 23:44:06,468 INFO: Uploading article translation 204702880 to Zendesk
2015-04-26 23:44:06,800 DEBUG: Article translation not found. Creating...
2015-04-26 23:44:07,255 DEBUG: Added article translation 204702880, locale de
2015-04-26 23:44:26,738 INFO: -------------------------------------------------
2015-04-26 23:44:26,738 INFO: Beginning tranfer of translations from Smartling...
2015-04-26 23:44:26,739 INFO: Getting all article items from Zendesk
